#
# There is insufficient memory for the Java Runtime Environment to continue.
# Native memory allocation (malloc) failed to allocate 5552 bytes for AllocateHeap
# Possible reasons:
#   The system is out of physical RAM or swap space
#   The process is running with CompressedOops enabled, and the Java Heap may be blocking the growth of the native heap
# Possible solutions:
#   Reduce memory load on the system
#   Increase physical memory or swap space
#   Check if swap backing store is full
#   Decrease Java heap size (-Xmx/-Xms)
#   Decrease number of Java threads
#
#  
# JRE version: OpenJDK Runtime Environment JBR-17.0.3+7-469.37-jcef (17.0.3+7) (build 17.0.3+7-b469.37)
# Java VM: OpenJDK 64-Bit Server VM JBR-17.0.3+7-469.37-jcef (17.0.3+7-b469.37, mixed mode, tiered, compressed oops, compressed class ptrs, g1 gc, windows-amd64)
# No core dump will be written. Minidumps are not enabled by default on client versions of Windows
#

---------------  S U M M A R Y ------------

Command Line: -javaagent:C:\Program Files\JetBrains\IntelliJ IDEA Community Edition 2022.2.1\lib\idea_rt.jar=60761:C:\Program Files\JetBrains\IntelliJ IDEA Community Edition 2022.2.1\bin -Dfile.encoding=UTF-8 com.example.order_service.OrderServiceApplication

Host: ## __CPU__, 8 cores, 7G,  Windows 11 , 64 bit Build 26100 (10.0.26100.4484)
Time: Sat Jul 12 19:32:19 2025 India Standard Time elapsed time: 1367.286121 seconds (0d 0h 22m 47s)

---------------  T H R E A D  ---------------

Current thread (0x0000029a41c20020):  JavaThread "mysql-cj-abandoned-connection-cleanup" daemon [_thread_in_Java, id=21636, stack(0x000000c89a300000,0x000000c89a400000)]

Stack: [0x000000c89a300000,0x000000c89a400000]
Native frames: (J=compiled Java code, j=interpreted, Vv=VM code, C=native code)
V  [jvm.dll+0x681f8a]
V  [jvm.dll+0x83e374]
V  [jvm.dll+0x83fb1e]
V  [jvm.dll+0x840183]
V  [jvm.dll+0x2492a5]
V  [jvm.dll+0xa64cf]
V  [jvm.dll+0x835ad0]
V  [jvm.dll+0x25603d]
V  [jvm.dll+0x25907c]
C  0x0000029a26b85bab

Java frames: (J=compiled Java code, j=interpreted, Vv=VM code)
v  ~UncommonTrapBlob
J 1991 c2 java.util.zip.ZipFile$Source.getEntryPos(Ljava/lang/String;Z)I java.base@17.0.3 (173 bytes) @ 0x0000029a2e6d6ad4 [0x0000029a2e6d6560+0x0000000000000574]
j  java.util.zip.ZipFile.getEntry(Ljava/lang/String;)Ljava/util/zip/ZipEntry;+26 java.base@17.0.3
J 4689 c2 java.util.jar.JarFile.getEntry(Ljava/lang/String;)Ljava/util/zip/ZipEntry; java.base@17.0.3 (35 bytes) @ 0x0000029a2e8c0190 [0x0000029a2e8c0120+0x0000000000000070]
J 4024 c2 jdk.internal.loader.URLClassPath$JarLoader.getResource(Ljava/lang/String;Z)Ljdk/internal/loader/Resource; java.base@17.0.3 (65 bytes) @ 0x0000029a2e82ee9c [0x0000029a2e82ee40+0x000000000000005c]
J 2878 c2 jdk.internal.loader.URLClassPath$JarLoader.findResource(Ljava/lang/String;Z)Ljava/net/URL; java.base@17.0.3 (18 bytes) @ 0x0000029a2e74b5d4 [0x0000029a2e74b5a0+0x0000000000000034]
J 2460 c1 jdk.internal.loader.URLClassPath.findResource(Ljava/lang/String;Z)Ljava/net/URL; java.base@17.0.3 (38 bytes) @ 0x0000029a2757f204 [0x0000029a2757f0e0+0x0000000000000124]
J 2298 c1 jdk.internal.loader.BuiltinClassLoader.findResourceOnClassPath(Ljava/lang/String;)Ljava/net/URL; java.base@17.0.3 (41 bytes) @ 0x0000029a27529784 [0x0000029a27529140+0x0000000000000644]
J 6775 c1 jdk.internal.loader.BuiltinClassLoader.findResource(Ljava/lang/String;)Ljava/net/URL; java.base@17.0.3 (154 bytes) @ 0x0000029a27c3eeec [0x0000029a27c3e180+0x0000000000000d6c]
J 3925 c1 java.lang.ClassLoader.getResource(Ljava/lang/String;)Ljava/net/URL; java.base@17.0.3 (41 bytes) @ 0x0000029a278fdfdc [0x0000029a278fdc00+0x00000000000003dc]
J 6898 c1 com.mysql.cj.jdbc.AbandonedConnectionCleanupThread.checkThreadContextClassLoader()V (20 bytes) @ 0x0000029a27c7fafc [0x0000029a27c7f220+0x00000000000008dc]
j  com.mysql.cj.jdbc.AbandonedConnectionCleanupThread.run()V+1
j  java.util.concurrent.ThreadPoolExecutor.runWorker(Ljava/util/concurrent/ThreadPoolExecutor$Worker;)V+92 java.base@17.0.3
j  java.util.concurrent.ThreadPoolExecutor$Worker.run()V+5 java.base@17.0.3
j  java.lang.Thread.run()V+11 java.base@17.0.3
v  ~StubRoutines::call_stub

---------------  P R O C E S S  ---------------

Threads class SMR info:
_java_thread_list=0x0000029a446aadb0, length=30, elements={
0x0000029a3d348c40, 0x0000029a3d3497f0, 0x0000029a3dc51250, 0x0000029a3dc51e00,
0x0000029a3dc547c0, 0x0000029a3dc55170, 0x0000029a3dc5ff20, 0x0000029a3dc63ec0,
0x0000029a3dc657d0, 0x0000029a3d2e1ab0, 0x0000029a3e3e4680, 0x0000029a3e3e4b50,
0x0000029a41762940, 0x0000029a4328c1c0, 0x0000029a428b62e0, 0x0000029a41c20020,
0x0000029a3f5f8060, 0x0000029a3f5f8530, 0x0000029a3f5f8a00, 0x0000029a3f5f9d40,
0x0000029a3f5fa210, 0x0000029a3f5fa6e0, 0x0000029a3f5fabb0, 0x0000029a46ea9580,
0x0000029a46ea8be0, 0x0000029a46ea6560, 0x0000029a46ea90b0, 0x0000029a46ea9a50,
0x0000029a46ea6a30, 0x0000029a46ea6090
}

Java Threads: ( => current thread )
  0x0000029a3d348c40 JavaThread "Reference Handler" daemon [_thread_blocked, id=12800, stack(0x000000c898900000,0x000000c898a00000)]
  0x0000029a3d3497f0 JavaThread "Finalizer" daemon [_thread_blocked, id=24468, stack(0x000000c898a00000,0x000000c898b00000)]
  0x0000029a3dc51250 JavaThread "Signal Dispatcher" daemon [_thread_blocked, id=13188, stack(0x000000c898b00000,0x000000c898c00000)]
  0x0000029a3dc51e00 JavaThread "Attach Listener" daemon [_thread_blocked, id=17672, stack(0x000000c898c00000,0x000000c898d00000)]
  0x0000029a3dc547c0 JavaThread "Service Thread" daemon [_thread_blocked, id=15224, stack(0x000000c898d00000,0x000000c898e00000)]
  0x0000029a3dc55170 JavaThread "Monitor Deflation Thread" daemon [_thread_blocked, id=12884, stack(0x000000c898e00000,0x000000c898f00000)]
  0x0000029a3dc5ff20 JavaThread "C2 CompilerThread0" daemon [_thread_blocked, id=10344, stack(0x000000c898f00000,0x000000c899000000)]
  0x0000029a3dc63ec0 JavaThread "C1 CompilerThread0" daemon [_thread_blocked, id=24336, stack(0x000000c899000000,0x000000c899100000)]
  0x0000029a3dc657d0 JavaThread "Sweeper thread" daemon [_thread_blocked, id=22280, stack(0x000000c899100000,0x000000c899200000)]
  0x0000029a3d2e1ab0 JavaThread "Common-Cleaner" daemon [_thread_blocked, id=15552, stack(0x000000c899200000,0x000000c899300000)]
  0x0000029a3e3e4680 JavaThread "Monitor Ctrl-Break" daemon [_thread_in_native, id=2708, stack(0x000000c899400000,0x000000c899500000)]
  0x0000029a3e3e4b50 JavaThread "Notification Thread" daemon [_thread_blocked, id=8168, stack(0x000000c899500000,0x000000c899600000)]
  0x0000029a41762940 JavaThread "Catalina-utility-1" [_thread_blocked, id=6744, stack(0x000000c89a000000,0x000000c89a100000)]
  0x0000029a4328c1c0 JavaThread "Catalina-utility-2" [_thread_blocked, id=18060, stack(0x000000c89a100000,0x000000c89a200000)]
  0x0000029a428b62e0 JavaThread "container-0" [_thread_blocked, id=21008, stack(0x000000c89a200000,0x000000c89a300000)]
=>0x0000029a41c20020 JavaThread "mysql-cj-abandoned-connection-cleanup" daemon [_thread_in_Java, id=21636, stack(0x000000c89a300000,0x000000c89a400000)]
  0x0000029a3f5f8060 JavaThread "HikariPool-1 housekeeper" daemon [_thread_blocked, id=21056, stack(0x000000c89a500000,0x000000c89a600000)]
  0x0000029a3f5f8530 JavaThread "http-nio-8082-exec-1" daemon [_thread_blocked, id=13260, stack(0x000000c89a700000,0x000000c89a800000)]
  0x0000029a3f5f8a00 JavaThread "http-nio-8082-exec-2" daemon [_thread_blocked, id=24572, stack(0x000000c89a800000,0x000000c89a900000)]
  0x0000029a3f5f9d40 JavaThread "http-nio-8082-exec-3" daemon [_thread_blocked, id=8876, stack(0x000000c89a900000,0x000000c89aa00000)]
  0x0000029a3f5fa210 JavaThread "http-nio-8082-exec-4" daemon [_thread_blocked, id=16728, stack(0x000000c89aa00000,0x000000c89ab00000)]
  0x0000029a3f5fa6e0 JavaThread "http-nio-8082-exec-5" daemon [_thread_blocked, id=16712, stack(0x000000c89ab00000,0x000000c89ac00000)]
  0x0000029a3f5fabb0 JavaThread "http-nio-8082-exec-6" daemon [_thread_blocked, id=14844, stack(0x000000c89ac00000,0x000000c89ad00000)]
  0x0000029a46ea9580 JavaThread "http-nio-8082-exec-7" daemon [_thread_blocked, id=10136, stack(0x000000c89ad00000,0x000000c89ae00000)]
  0x0000029a46ea8be0 JavaThread "http-nio-8082-exec-8" daemon [_thread_blocked, id=20804, stack(0x000000c89ae00000,0x000000c89af00000)]
  0x0000029a46ea6560 JavaThread "http-nio-8082-exec-9" daemon [_thread_blocked, id=24304, stack(0x000000c89af00000,0x000000c89b000000)]
  0x0000029a46ea90b0 JavaThread "http-nio-8082-exec-10" daemon [_thread_blocked, id=3904, stack(0x000000c89b000000,0x000000c89b100000)]
  0x0000029a46ea9a50 JavaThread "http-nio-8082-Poller" daemon [_thread_in_native, id=16184, stack(0x000000c89b100000,0x000000c89b200000)]
  0x0000029a46ea6a30 JavaThread "http-nio-8082-Acceptor" daemon [_thread_in_native, id=19360, stack(0x000000c89b200000,0x000000c89b300000)]
  0x0000029a46ea6090 JavaThread "DestroyJavaVM" [_thread_blocked, id=13752, stack(0x000000c898200000,0x000000c898300000)]

Other Threads:
  0x0000029a3dc1f1d0 VMThread "VM Thread" [stack: 0x000000c898800000,0x000000c898900000] [id=21656]
  0x0000029a3e3e56f0 WatcherThread [stack: 0x000000c899600000,0x000000c899700000] [id=10448]
  0x0000029a2344ba00 GCTaskThread "GC Thread#0" [stack: 0x000000c898300000,0x000000c898400000] [id=22576]
  0x0000029a3f063530 GCTaskThread "GC Thread#1" [stack: 0x000000c899700000,0x000000c899800000] [id=23260]
  0x0000029a3ec11f70 GCTaskThread "GC Thread#2" [stack: 0x000000c899800000,0x000000c899900000] [id=22640]
  0x0000029a3e8bf370 GCTaskThread "GC Thread#3" [stack: 0x000000c899900000,0x000000c899a00000] [id=23628]
  0x0000029a3ea41e50 GCTaskThread "GC Thread#4" [stack: 0x000000c899a00000,0x000000c899b00000] [id=24020]
  0x0000029a3ea42100 GCTaskThread "GC Thread#5" [stack: 0x000000c899b00000,0x000000c899c00000] [id=17728]
  0x0000029a40f889b0 GCTaskThread "GC Thread#6" [stack: 0x000000c899d00000,0x000000c899e00000] [id=23572]
  0x0000029a3ef0efd0 GCTaskThread "GC Thread#7" [stack: 0x000000c899e00000,0x000000c899f00000] [id=11828]
  0x0000029a2345cfd0 ConcurrentGCThread "G1 Main Marker" [stack: 0x000000c898400000,0x000000c898500000] [id=1932]
  0x0000029a2345e890 ConcurrentGCThread "G1 Conc#0" [stack: 0x000000c898500000,0x000000c898600000] [id=22912]
  0x0000029a3eeee8a0 ConcurrentGCThread "G1 Conc#1" [stack: 0x000000c899f00000,0x000000c89a000000] [id=1628]
  0x0000029a3d1ad5e0 ConcurrentGCThread "G1 Refine#0" [stack: 0x000000c898600000,0x000000c898700000] [id=4532]
  0x0000029a3d1adcb0 ConcurrentGCThread "G1 Service" [stack: 0x000000c898700000,0x000000c898800000] [id=5964]

Threads with active compile tasks:

VM state: not at safepoint (normal execution)

VM Mutex/Monitor currently owned by a thread: None

Heap address: 0x0000000083200000, size: 1998 MB, Compressed Oops mode: 32-bit

CDS archive(s) not mapped
Compressed class space mapped at: 0x0000000100000000-0x0000000140000000, reserved size: 1073741824
Narrow klass base: 0x0000000000000000, Narrow klass shift: 3, Narrow klass range: 0x140000000

GC Precious Log:
 CPUs: 8 total, 8 available
 Memory: 7991M
 Large Page Support: Disabled
 NUMA Support: Disabled
 Compressed Oops: Enabled (32-bit)
 Heap Region Size: 1M
 Heap Min Capacity: 8M
 Heap Initial Capacity: 126M
 Heap Max Capacity: 1998M
 Pre-touch: Disabled
 Parallel Workers: 8
 Concurrent Workers: 2
 Concurrent Refinement Workers: 8
 Periodic GC: Disabled

Heap:
 garbage-first heap   total 65536K, used 43812K [0x0000000083200000, 0x0000000100000000)
  region size 1024K, 15 young (15360K), 3 survivors (3072K)
 Metaspace       used 87175K, committed 87872K, reserved 1130496K
  class space    used 11638K, committed 11968K, reserved 1048576K

Heap Regions: E=young(eden), S=young(survivor), O=old, HS=humongous(starts), HC=humongous(continues), CS=collection set, F=free, OA=open archive, CA=closed archive, TAMS=top-at-mark-start (previous, next)
|   0|0x0000000083200000, 0x0000000083300000, 0x0000000083300000|100%|HS|  |TAMS 0x0000000083300000, 0x0000000083200000| Complete 
|   1|0x0000000083300000, 0x0000000083400000, 0x0000000083400000|100%|HS|  |TAMS 0x0000000083400000, 0x0000000083300000| Complete 
|   2|0x0000000083400000, 0x0000000083500000, 0x0000000083500000|100%| O|  |TAMS 0x0000000083500000, 0x0000000083400000| Untracked 
|   3|0x0000000083500000, 0x0000000083600000, 0x0000000083600000|100%| O|  |TAMS 0x0000000083600000, 0x0000000083500000| Untracked 
|   4|0x0000000083600000, 0x0000000083700000, 0x0000000083700000|100%| O|  |TAMS 0x0000000083700000, 0x0000000083600000| Untracked 
|   5|0x0000000083700000, 0x0000000083800000, 0x0000000083800000|100%| O|  |TAMS 0x0000000083800000, 0x0000000083700000| Untracked 
|   6|0x0000000083800000, 0x0000000083900000, 0x0000000083900000|100%| O|  |TAMS 0x0000000083900000, 0x0000000083800000| Untracked 
|   7|0x0000000083900000, 0x0000000083a00000, 0x0000000083a00000|100%| O|  |TAMS 0x0000000083a00000, 0x0000000083900000| Untracked 
|   8|0x0000000083a00000, 0x0000000083b00000, 0x0000000083b00000|100%| O|  |TAMS 0x0000000083b00000, 0x0000000083a00000| Untracked 
|   9|0x0000000083b00000, 0x0000000083c00000, 0x0000000083c00000|100%| O|  |TAMS 0x0000000083c00000, 0x0000000083b00000| Untracked 
|  10|0x0000000083c00000, 0x0000000083d00000, 0x0000000083d00000|100%| O|  |TAMS 0x0000000083d00000, 0x0000000083c00000| Untracked 
|  11|0x0000000083d00000, 0x0000000083e00000, 0x0000000083e00000|100%| O|  |TAMS 0x0000000083e00000, 0x0000000083d00000| Untracked 
|  12|0x0000000083e00000, 0x0000000083f00000, 0x0000000083f00000|100%| O|  |TAMS 0x0000000083f00000, 0x0000000083e00000| Untracked 
|  13|0x0000000083f00000, 0x0000000084000000, 0x0000000084000000|100%| O|  |TAMS 0x0000000084000000, 0x0000000083f00000| Untracked 
|  14|0x0000000084000000, 0x0000000084100000, 0x0000000084100000|100%| O|  |TAMS 0x0000000084100000, 0x0000000084000000| Untracked 
|  15|0x0000000084100000, 0x0000000084145000, 0x0000000084200000| 26%| O|  |TAMS 0x0000000084145000, 0x0000000084100000| Untracked 
|  16|0x0000000084200000, 0x0000000084300000, 0x0000000084300000|100%| O|  |TAMS 0x0000000084300000, 0x0000000084200000| Untracked 
|  17|0x0000000084300000, 0x0000000084400000, 0x0000000084400000|100%| O|  |TAMS 0x0000000084400000, 0x0000000084300000| Untracked 
|  18|0x0000000084400000, 0x0000000084500000, 0x0000000084500000|100%| O|  |TAMS 0x0000000084500000, 0x0000000084400000| Untracked 
|  19|0x0000000084500000, 0x0000000084600000, 0x0000000084600000|100%| O|  |TAMS 0x0000000084600000, 0x0000000084500000| Untracked 
|  20|0x0000000084600000, 0x0000000084700000, 0x0000000084700000|100%| O|  |TAMS 0x0000000084700000, 0x0000000084600000| Untracked 
|  21|0x0000000084700000, 0x0000000084800000, 0x0000000084800000|100%| O|  |TAMS 0x0000000084800000, 0x0000000084700000| Untracked 
|  22|0x0000000084800000, 0x0000000084900000, 0x0000000084900000|100%| O|  |TAMS 0x00000000848b3800, 0x0000000084800000| Untracked 
|  23|0x0000000084900000, 0x0000000084a00000, 0x0000000084a00000|100%| O|  |TAMS 0x0000000084900000, 0x0000000084900000| Untracked 
|  24|0x0000000084a00000, 0x0000000084b00000, 0x0000000084b00000|100%| O|  |TAMS 0x0000000084a00000, 0x0000000084a00000| Untracked 
|  25|0x0000000084b00000, 0x0000000084c00000, 0x0000000084c00000|100%| O|  |TAMS 0x0000000084b00000, 0x0000000084b00000| Untracked 
|  26|0x0000000084c00000, 0x0000000084d00000, 0x0000000084d00000|100%| O|  |TAMS 0x0000000084c00000, 0x0000000084c00000| Untracked 
|  27|0x0000000084d00000, 0x0000000084e00000, 0x0000000084e00000|100%| O|  |TAMS 0x0000000084d00000, 0x0000000084d00000| Untracked 
|  28|0x0000000084e00000, 0x0000000084f00000, 0x0000000084f00000|100%| O|  |TAMS 0x0000000084e00000, 0x0000000084e00000| Untracked 
|  29|0x0000000084f00000, 0x0000000085000000, 0x0000000085000000|100%| O|  |TAMS 0x0000000084f00000, 0x0000000084f00000| Untracked 
|  30|0x0000000085000000, 0x0000000085100000, 0x0000000085100000|100%| O|  |TAMS 0x0000000085000000, 0x0000000085000000| Untracked 
|  31|0x0000000085100000, 0x000000008513c000, 0x0000000085200000| 23%| O|  |TAMS 0x0000000085100000, 0x0000000085100000| Untracked 
|  32|0x0000000085200000, 0x0000000085200000, 0x0000000085300000|  0%| F|  |TAMS 0x0000000085200000, 0x0000000085200000| Untracked 
|  33|0x0000000085300000, 0x0000000085300000, 0x0000000085400000|  0%| F|  |TAMS 0x0000000085300000, 0x0000000085300000| Untracked 
|  34|0x0000000085400000, 0x0000000085400000, 0x0000000085500000|  0%| F|  |TAMS 0x0000000085400000, 0x0000000085400000| Untracked 
|  35|0x0000000085500000, 0x0000000085500000, 0x0000000085600000|  0%| F|  |TAMS 0x0000000085500000, 0x0000000085500000| Untracked 
|  36|0x0000000085600000, 0x0000000085600000, 0x0000000085700000|  0%| F|  |TAMS 0x0000000085600000, 0x0000000085600000| Untracked 
|  37|0x0000000085700000, 0x0000000085700000, 0x0000000085800000|  0%| F|  |TAMS 0x0000000085700000, 0x0000000085700000| Untracked 
|  38|0x0000000085800000, 0x0000000085800000, 0x0000000085900000|  0%| F|  |TAMS 0x0000000085800000, 0x0000000085800000| Untracked 
|  39|0x0000000085900000, 0x0000000085948378, 0x0000000085a00000| 28%| S|CS|TAMS 0x0000000085900000, 0x0000000085900000| Complete 
|  40|0x0000000085a00000, 0x0000000085a00000, 0x0000000085b00000|  0%| F|  |TAMS 0x0000000085a00000, 0x0000000085a00000| Untracked 
|  41|0x0000000085b00000, 0x0000000085b00000, 0x0000000085c00000|  0%| F|  |TAMS 0x0000000085b00000, 0x0000000085b00000| Untracked 
|  42|0x0000000085c00000, 0x0000000085d00000, 0x0000000085d00000|100%| S|CS|TAMS 0x0000000085c00000, 0x0000000085c00000| Complete 
|  43|0x0000000085d00000, 0x0000000085e00000, 0x0000000085e00000|100%| S|CS|TAMS 0x0000000085d00000, 0x0000000085d00000| Complete 
|  44|0x0000000085e00000, 0x0000000085e00000, 0x0000000085f00000|  0%| F|  |TAMS 0x0000000085e00000, 0x0000000085e00000| Untracked 
|  45|0x0000000085f00000, 0x0000000085f00000, 0x0000000086000000|  0%| F|  |TAMS 0x0000000085f00000, 0x0000000085f00000| Untracked 
|  46|0x0000000086000000, 0x0000000086000000, 0x0000000086100000|  0%| F|  |TAMS 0x0000000086000000, 0x0000000086000000| Untracked 
|  47|0x0000000086100000, 0x0000000086100000, 0x0000000086200000|  0%| F|  |TAMS 0x0000000086100000, 0x0000000086100000| Untracked 
|  48|0x0000000086200000, 0x0000000086200000, 0x0000000086300000|  0%| F|  |TAMS 0x0000000086200000, 0x0000000086200000| Untracked 
|  49|0x0000000086300000, 0x0000000086300000, 0x0000000086400000|  0%| F|  |TAMS 0x0000000086300000, 0x0000000086300000| Untracked 
|  50|0x0000000086400000, 0x0000000086400000, 0x0000000086500000|  0%| F|  |TAMS 0x0000000086400000, 0x0000000086400000| Untracked 
|  51|0x0000000086500000, 0x0000000086500000, 0x0000000086600000|  0%| F|  |TAMS 0x0000000086500000, 0x0000000086500000| Untracked 
|  52|0x0000000086600000, 0x00000000866f4890, 0x0000000086700000| 95%| E|  |TAMS 0x0000000086600000, 0x0000000086600000| Complete 
|  53|0x0000000086700000, 0x0000000086800000, 0x0000000086800000|100%| E|CS|TAMS 0x0000000086700000, 0x0000000086700000| Complete 
|  54|0x0000000086800000, 0x0000000086900000, 0x0000000086900000|100%| E|CS|TAMS 0x0000000086800000, 0x0000000086800000| Complete 
|  55|0x0000000086900000, 0x0000000086a00000, 0x0000000086a00000|100%| E|CS|TAMS 0x0000000086900000, 0x0000000086900000| Complete 
|  56|0x0000000086a00000, 0x0000000086b00000, 0x0000000086b00000|100%| E|CS|TAMS 0x0000000086a00000, 0x0000000086a00000| Complete 
|  57|0x0000000086b00000, 0x0000000086c00000, 0x0000000086c00000|100%| E|CS|TAMS 0x0000000086b00000, 0x0000000086b00000| Complete 
|  58|0x0000000086c00000, 0x0000000086d00000, 0x0000000086d00000|100%| E|CS|TAMS 0x0000000086c00000, 0x0000000086c00000| Complete 
|  59|0x0000000086d00000, 0x0000000086e00000, 0x0000000086e00000|100%| E|CS|TAMS 0x0000000086d00000, 0x0000000086d00000| Complete 
|  60|0x0000000086e00000, 0x0000000086f00000, 0x0000000086f00000|100%| E|CS|TAMS 0x0000000086e00000, 0x0000000086e00000| Complete 
|  61|0x0000000086f00000, 0x0000000087000000, 0x0000000087000000|100%| E|CS|TAMS 0x0000000086f00000, 0x0000000086f00000| Complete 
|  94|0x0000000089000000, 0x0000000089100000, 0x0000000089100000|100%| E|  |TAMS 0x0000000089000000, 0x0000000089000000| Complete 
| 125|0x000000008af00000, 0x000000008b000000, 0x000000008b000000|100%| E|CS|TAMS 0x000000008af00000, 0x000000008af00000| Complete 

Card table byte_map: [0x0000029a36250000,0x0000029a36640000] _byte_map_base: 0x0000029a35e37000

Marking Bits (Prev, Next): (CMBitMap*) 0x0000029a2344c050, (CMBitMap*) 0x0000029a2344c010
 Prev Bits: [0x0000029a38970000, 0x0000029a3a8a8000)
 Next Bits: [0x0000029a36a30000, 0x0000029a38968000)

Polling page: 0x0000029a21770000

Metaspace:

Usage:
  Non-class:     73.77 MB used.
      Class:     11.37 MB used.
       Both:     85.13 MB used.

Virtual space:
  Non-class space:       80.00 MB reserved,      74.12 MB ( 93%) committed,  10 nodes.
      Class space:        1.00 GB reserved,      11.69 MB (  1%) committed,  1 nodes.
             Both:        1.08 GB reserved,      85.81 MB (  8%) committed. 

Chunk freelists:
   Non-Class:  1.78 MB
       Class:  235.00 KB
        Both:  2.01 MB

MaxMetaspaceSize: unlimited
CompressedClassSpaceSize: 1.00 GB
Initial GC threshold: 21.00 MB
Current GC threshold: 98.69 MB
CDS: off
MetaspaceReclaimPolicy: balanced
 - commit_granule_bytes: 65536.
 - commit_granule_words: 8192.
 - virtual_space_node_default_size: 1048576.
 - enlarge_chunks_in_place: 1.
 - new_chunks_are_fully_committed: 0.
 - uncommit_free_chunks: 1.
 - use_allocation_guard: 0.
 - handle_deallocations: 1.


Internal statistics:

num_allocs_failed_limit: 9.
num_arena_births: 966.
num_arena_deaths: 0.
num_vsnodes_births: 11.
num_vsnodes_deaths: 0.
num_space_committed: 1373.
num_space_uncommitted: 0.
num_chunks_returned_to_freelist: 9.
num_chunks_taken_from_freelist: 3730.
num_chunk_merges: 9.
num_chunk_splits: 2681.
num_chunks_enlarged: 2083.
num_purges: 0.
num_inconsistent_stats: 0.

CodeHeap 'non-profiled nmethods': size=120000Kb used=4435Kb max_used=4435Kb free=115564Kb
 bounds [0x0000029a2e600000, 0x0000029a2ea60000, 0x0000029a35b30000]
CodeHeap 'profiled nmethods': size=120000Kb used=11977Kb max_used=11977Kb free=108022Kb
 bounds [0x0000029a270d0000, 0x0000029a27c90000, 0x0000029a2e600000]
CodeHeap 'non-nmethods': size=5760Kb used=1377Kb max_used=1448Kb free=4382Kb
 bounds [0x0000029a26b30000, 0x0000029a26da0000, 0x0000029a270d0000]
 total_blobs=6768 nmethods=6063 adapters=617
 compilation: enabled
              stopped_count=0, restarted_count=0
 full_count=0

Compilation events (20 events):
Event: 1215.861 Thread 0x0000029a3dc63ec0 6894       1       org.apache.catalina.core.StandardContext::getInstanceManager (5 bytes)
Event: 1215.871 Thread 0x0000029a3dc63ec0 nmethod 6894 0x0000029a2ea53590 code [0x0000029a2ea53720, 0x0000029a2ea537f8]
Event: 1223.934 Thread 0x0000029a3dc5ff20 6895       4       java.util.concurrent.TimeUnit::toNanos (45 bytes)
Event: 1223.938 Thread 0x0000029a3dc5ff20 nmethod 6895 0x0000029a2ea53890 code [0x0000029a2ea53a00, 0x0000029a2ea53af8]
Event: 1272.970 Thread 0x0000029a3dc5ff20 6896       4       java.util.concurrent.atomic.AtomicLong::getAndSet (12 bytes)
Event: 1272.972 Thread 0x0000029a3dc5ff20 nmethod 6896 0x0000029a2ea53b90 code [0x0000029a2ea53d00, 0x0000029a2ea53d78]
Event: 1273.984 Thread 0x0000029a3dc5ff20 6897       4       java.util.concurrent.atomic.AtomicLong::set (12 bytes)
Event: 1273.985 Thread 0x0000029a3dc5ff20 nmethod 6897 0x0000029a2ea53e90 code [0x0000029a2ea54000, 0x0000029a2ea54078]
Event: 1282.107 Thread 0x0000029a3dc63ec0 6898   !   3       com.mysql.cj.jdbc.AbandonedConnectionCleanupThread::checkThreadContextClassLoader (20 bytes)
Event: 1282.187 Thread 0x0000029a3dc63ec0 nmethod 6898 0x0000029a27c7ef90 code [0x0000029a27c7f220, 0x0000029a27c80118]
Event: 1285.879 Thread 0x0000029a3dc63ec0 6899       1       org.apache.catalina.loader.WebappLoader::getContext (5 bytes)
Event: 1285.882 Thread 0x0000029a3dc5ff20 6903       4       java.util.concurrent.ScheduledThreadPoolExecutor$ScheduledFutureTask::getDelay (16 bytes)
Event: 1285.893 Thread 0x0000029a3dc63ec0 nmethod 6899 0x0000029a2ea54190 code [0x0000029a2ea54320, 0x0000029a2ea543f8]
Event: 1285.893 Thread 0x0000029a3dc63ec0 6901       3       org.apache.catalina.mapper.MapperListener::lifecycleEvent (180 bytes)
Event: 1285.896 Thread 0x0000029a3dc5ff20 nmethod 6903 0x0000029a2ea54490 code [0x0000029a2ea54620, 0x0000029a2ea54798]
Event: 1285.929 Thread 0x0000029a3dc63ec0 nmethod 6901 0x0000029a27c80710 code [0x0000029a27c80a00, 0x0000029a27c82138]
Event: 1285.929 Thread 0x0000029a3dc63ec0 6900       1       org.apache.catalina.core.StandardContext::getReloadable (5 bytes)
Event: 1285.930 Thread 0x0000029a3dc63ec0 nmethod 6900 0x0000029a2ea54910 code [0x0000029a2ea54aa0, 0x0000029a2ea54b78]
Event: 1308.925 Thread 0x0000029a3dc5ff20 6904       4       java.util.concurrent.locks.ReentrantLock$NonfairSync::tryAcquire (27 bytes)
Event: 1308.931 Thread 0x0000029a3dc5ff20 nmethod 6904 0x0000029a2ea54c10 code [0x0000029a2ea54d80, 0x0000029a2ea54ed8]

GC Heap History (20 events):
Event: 3.449 GC heap before
{Heap before GC invocations=8 (full 0):
 garbage-first heap   total 45056K, used 19882K [0x0000000083200000, 0x0000000100000000)
  region size 1024K, 6 young (6144K), 2 survivors (2048K)
 Metaspace       used 35682K, committed 35968K, reserved 1081344K
  class space    used 4338K, committed 4480K, reserved 1048576K
}
Event: 3.452 GC heap after
{Heap after GC invocations=9 (full 0):
 garbage-first heap   total 73728K, used 17118K [0x0000000083200000, 0x0000000100000000)
  region size 1024K, 2 young (2048K), 2 survivors (2048K)
 Metaspace       used 35682K, committed 35968K, reserved 1081344K
  class space    used 4338K, committed 4480K, reserved 1048576K
}
Event: 4.738 GC heap before
{Heap before GC invocations=10 (full 0):
 garbage-first heap   total 65536K, used 53982K [0x0000000083200000, 0x0000000100000000)
  region size 1024K, 38 young (38912K), 2 survivors (2048K)
 Metaspace       used 43087K, committed 43520K, reserved 1089536K
  class space    used 5369K, committed 5568K, reserved 1048576K
}
Event: 4.742 GC heap after
{Heap after GC invocations=11 (full 0):
 garbage-first heap   total 65536K, used 20177K [0x0000000083200000, 0x0000000100000000)
  region size 1024K, 5 young (5120K), 5 survivors (5120K)
 Metaspace       used 43087K, committed 43520K, reserved 1089536K
  class space    used 5369K, committed 5568K, reserved 1048576K
}
Event: 14.177 GC heap before
{Heap before GC invocations=11 (full 0):
 garbage-first heap   total 65536K, used 47825K [0x0000000083200000, 0x0000000100000000)
  region size 1024K, 32 young (32768K), 5 survivors (5120K)
 Metaspace       used 52368K, committed 52800K, reserved 1097728K
  class space    used 6495K, committed 6720K, reserved 1048576K
}
Event: 14.186 GC heap after
{Heap after GC invocations=12 (full 0):
 garbage-first heap   total 65536K, used 22827K [0x0000000083200000, 0x0000000100000000)
  region size 1024K, 3 young (3072K), 3 survivors (3072K)
 Metaspace       used 52368K, committed 52800K, reserved 1097728K
  class space    used 6495K, committed 6720K, reserved 1048576K
}
Event: 15.028 GC heap before
{Heap before GC invocations=12 (full 0):
 garbage-first heap   total 65536K, used 47403K [0x0000000083200000, 0x0000000100000000)
  region size 1024K, 28 young (28672K), 3 survivors (3072K)
 Metaspace       used 56689K, committed 57152K, reserved 1105920K
  class space    used 7214K, committed 7424K, reserved 1048576K
}
Event: 15.034 GC heap after
{Heap after GC invocations=13 (full 0):
 garbage-first heap   total 65536K, used 24047K [0x0000000083200000, 0x0000000100000000)
  region size 1024K, 2 young (2048K), 2 survivors (2048K)
 Metaspace       used 56689K, committed 57152K, reserved 1105920K
  class space    used 7214K, committed 7424K, reserved 1048576K
}
Event: 15.545 GC heap before
{Heap before GC invocations=13 (full 0):
 garbage-first heap   total 65536K, used 35311K [0x0000000083200000, 0x0000000100000000)
  region size 1024K, 14 young (14336K), 2 survivors (2048K)
 Metaspace       used 59837K, committed 60288K, reserved 1105920K
  class space    used 7701K, committed 7936K, reserved 1048576K
}
Event: 15.550 GC heap after
{Heap after GC invocations=14 (full 0):
 garbage-first heap   total 65536K, used 24396K [0x0000000083200000, 0x0000000100000000)
  region size 1024K, 2 young (2048K), 2 survivors (2048K)
 Metaspace       used 59837K, committed 60288K, reserved 1105920K
  class space    used 7701K, committed 7936K, reserved 1048576K
}
Event: 16.876 GC heap before
{Heap before GC invocations=15 (full 0):
 garbage-first heap   total 65536K, used 49996K [0x0000000083200000, 0x0000000100000000)
  region size 1024K, 28 young (28672K), 2 survivors (2048K)
 Metaspace       used 67682K, committed 68160K, reserved 1114112K
  class space    used 8805K, committed 9024K, reserved 1048576K
}
Event: 16.879 GC heap after
{Heap after GC invocations=16 (full 0):
 garbage-first heap   total 65536K, used 25455K [0x0000000083200000, 0x0000000100000000)
  region size 1024K, 3 young (3072K), 3 survivors (3072K)
 Metaspace       used 67682K, committed 68160K, reserved 1114112K
  class space    used 8805K, committed 9024K, reserved 1048576K
}
Event: 17.626 GC heap before
{Heap before GC invocations=16 (full 0):
 garbage-first heap   total 65536K, used 50031K [0x0000000083200000, 0x0000000100000000)
  region size 1024K, 28 young (28672K), 3 survivors (3072K)
 Metaspace       used 73579K, committed 74112K, reserved 1114112K
  class space    used 9764K, committed 9984K, reserved 1048576K
}
Event: 17.631 GC heap after
{Heap after GC invocations=17 (full 0):
 garbage-first heap   total 65536K, used 27057K [0x0000000083200000, 0x0000000100000000)
  region size 1024K, 4 young (4096K), 4 survivors (4096K)
 Metaspace       used 73579K, committed 74112K, reserved 1114112K
  class space    used 9764K, committed 9984K, reserved 1048576K
}
Event: 18.345 GC heap before
{Heap before GC invocations=17 (full 0):
 garbage-first heap   total 65536K, used 50609K [0x0000000083200000, 0x0000000100000000)
  region size 1024K, 28 young (28672K), 4 survivors (4096K)
 Metaspace       used 77806K, committed 78336K, reserved 1122304K
  class space    used 10373K, committed 10624K, reserved 1048576K
}
Event: 18.354 GC heap after
{Heap after GC invocations=18 (full 0):
 garbage-first heap   total 65536K, used 29095K [0x0000000083200000, 0x0000000100000000)
  region size 1024K, 4 young (4096K), 4 survivors (4096K)
 Metaspace       used 77806K, committed 78336K, reserved 1122304K
  class space    used 10373K, committed 10624K, reserved 1048576K
}
Event: 18.820 GC heap before
{Heap before GC invocations=18 (full 0):
 garbage-first heap   total 65536K, used 51623K [0x0000000083200000, 0x0000000100000000)
  region size 1024K, 26 young (26624K), 4 survivors (4096K)
 Metaspace       used 81171K, committed 81792K, reserved 1122304K
  class space    used 10846K, committed 11136K, reserved 1048576K
}
Event: 18.824 GC heap after
{Heap after GC invocations=19 (full 0):
 garbage-first heap   total 65536K, used 31346K [0x0000000083200000, 0x0000000100000000)
  region size 1024K, 4 young (4096K), 4 survivors (4096K)
 Metaspace       used 81171K, committed 81792K, reserved 1122304K
  class space    used 10846K, committed 11136K, reserved 1048576K
}
Event: 23.113 GC heap before
{Heap before GC invocations=19 (full 0):
 garbage-first heap   total 65536K, used 51826K [0x0000000083200000, 0x0000000100000000)
  region size 1024K, 24 young (24576K), 4 survivors (4096K)
 Metaspace       used 85249K, committed 85888K, reserved 1130496K
  class space    used 11396K, committed 11712K, reserved 1048576K
}
Event: 23.120 GC heap after
{Heap after GC invocations=20 (full 0):
 garbage-first heap   total 65536K, used 33572K [0x0000000083200000, 0x0000000100000000)
  region size 1024K, 3 young (3072K), 3 survivors (3072K)
 Metaspace       used 85249K, committed 85888K, reserved 1130496K
  class space    used 11396K, committed 11712K, reserved 1048576K
}

Deoptimization events (20 events):
Event: 92.291 Thread 0x0000029a46ea8be0 DEOPT UNPACKING pc=0x0000029a26b85c23 sp=0x000000c89aefe838 mode 2
Event: 92.291 Thread 0x0000029a46ea8be0 Uncommon trap: trap_request=0xffffff45 fr.pc=0x0000029a2e62ec74 relative=0x0000000000000154
Event: 92.291 Thread 0x0000029a46ea8be0 Uncommon trap: reason=unstable_if action=reinterpret pc=0x0000029a2e62ec74 method=java.lang.AbstractStringBuilder.putStringAt(ILjava/lang/String;II)V @ 8 c2
Event: 92.291 Thread 0x0000029a46ea8be0 DEOPT PACKING pc=0x0000029a2e62ec74 sp=0x000000c89aefe8f0
Event: 92.291 Thread 0x0000029a46ea8be0 DEOPT UNPACKING pc=0x0000029a26b85c23 sp=0x000000c89aefe838 mode 2
Event: 99.182 Thread 0x0000029a46ea90b0 Uncommon trap: trap_request=0xffffff45 fr.pc=0x0000029a2e619d54 relative=0x0000000000000154
Event: 99.182 Thread 0x0000029a46ea90b0 Uncommon trap: reason=unstable_if action=reinterpret pc=0x0000029a2e619d54 method=java.lang.String.indexOf(II)I @ 4 c2
Event: 99.182 Thread 0x0000029a46ea90b0 DEOPT PACKING pc=0x0000029a2e619d54 sp=0x000000c89b0fb830
Event: 99.182 Thread 0x0000029a46ea90b0 DEOPT UNPACKING pc=0x0000029a26b85c23 sp=0x000000c89b0fb760 mode 2
Event: 99.182 Thread 0x0000029a46ea90b0 Uncommon trap: trap_request=0xffffff45 fr.pc=0x0000029a2e6429b4 relative=0x0000000000000194
Event: 99.182 Thread 0x0000029a46ea90b0 Uncommon trap: reason=unstable_if action=reinterpret pc=0x0000029a2e6429b4 method=java.lang.String.indexOf(II)I @ 4 c2
Event: 99.182 Thread 0x0000029a46ea90b0 DEOPT PACKING pc=0x0000029a2e6429b4 sp=0x000000c89b0fb7c0
Event: 99.182 Thread 0x0000029a46ea90b0 DEOPT UNPACKING pc=0x0000029a26b85c23 sp=0x000000c89b0fb760 mode 2
Event: 1367.235 Thread 0x0000029a41c20020 Uncommon trap: trap_request=0xffffff45 fr.pc=0x0000029a2e81f274 relative=0x0000000000001274
Event: 1367.238 Thread 0x0000029a41c20020 Uncommon trap: reason=unstable_if action=reinterpret pc=0x0000029a2e81f274 method=java.util.zip.ZipCoder.hash(Ljava/lang/String;)I @ 11 c2
Event: 1367.240 Thread 0x0000029a41c20020 DEOPT PACKING pc=0x0000029a2e81f274 sp=0x000000c89a3ff0b0
Event: 1367.244 Thread 0x0000029a41c20020 DEOPT UNPACKING pc=0x0000029a26b85c23 sp=0x000000c89a3fef68 mode 2
Event: 1367.268 Thread 0x0000029a41c20020 Uncommon trap: trap_request=0xffffff45 fr.pc=0x0000029a2e6d6ad4 relative=0x0000000000000574
Event: 1367.268 Thread 0x0000029a41c20020 Uncommon trap: reason=unstable_if action=reinterpret pc=0x0000029a2e6d6ad4 method=java.util.zip.ZipCoder.hash(Ljava/lang/String;)I @ 11 c2
Event: 1367.268 Thread 0x0000029a41c20020 DEOPT PACKING pc=0x0000029a2e6d6ad4 sp=0x000000c89a3ff030

Classes unloaded (0 events):
No events

Classes redefined (0 events):
No events

Internal exceptions (20 events):
Event: 17.946 Thread 0x0000029a233f0170 Exception <a 'java/lang/IncompatibleClassChangeError'{0x0000000086769cb0}: Found class java.lang.Object, but interface was expected> (0x0000000086769cb0) 
thrown [s\src\hotspot\share\interpreter\linkResolver.cpp, line 845]
Event: 17.946 Thread 0x0000029a233f0170 Exception <a 'java/lang/IncompatibleClassChangeError'{0x0000000086770538}: Found class java.lang.Object, but interface was expected> (0x0000000086770538) 
thrown [s\src\hotspot\share\interpreter\linkResolver.cpp, line 845]
Event: 18.032 Thread 0x0000029a233f0170 Exception <a 'java/lang/NoSuchMethodError'{0x000000008652aa70}: 'java.lang.Object java.lang.invoke.DirectMethodHandle$Holder.invokeStatic(java.lang.Object, int, java.lang.Object)'> (0x000000008652aa70) 
thrown [s\src\hotspot\share\interpreter\linkResolver.cpp, line 778]
Event: 18.044 Thread 0x0000029a233f0170 Exception <a 'java/lang/reflect/InvocationTargetException'{0x0000000086565578}> (0x0000000086565578) 
thrown [s\src\hotspot\share\runtime\reflection.cpp, line 1127]
Event: 18.167 Thread 0x0000029a233f0170 Exception <a 'java/lang/NoSuchMethodError'{0x000000008625b258}: 'java.lang.Object java.lang.invoke.DirectMethodHandle$Holder.invokeInterface(java.lang.Object, java.lang.Object, java.lang.Object, java.lang.Object)'> (0x000000008625b258) 
thrown [s\src\hotspot\share\interpreter\linkResolver.cpp, line 778]
Event: 18.555 Thread 0x0000029a233f0170 Exception <a 'sun/nio/fs/WindowsException'{0x00000000868440f8}> (0x00000000868440f8) 
thrown [s\src\hotspot\share\prims\jni.cpp, line 517]
Event: 18.595 Thread 0x0000029a233f0170 Exception <a 'java/lang/IncompatibleClassChangeError'{0x00000000866c43a8}: Found class java.lang.Object, but interface was expected> (0x00000000866c43a8) 
thrown [s\src\hotspot\share\interpreter\linkResolver.cpp, line 845]
Event: 18.645 Thread 0x0000029a233f0170 Exception <a 'java/lang/NoSuchMethodError'{0x00000000864c2fe8}: 'void java.lang.invoke.DirectMethodHandle$Holder.invokeVirtual(java.lang.Object, java.lang.Object, long)'> (0x00000000864c2fe8) 
thrown [s\src\hotspot\share\interpreter\linkResolver.cpp, line 778]
Event: 18.709 Thread 0x0000029a233f0170 Exception <a 'java/lang/NoSuchMethodError'{0x00000000860b26e8}: 'java.lang.Object java.lang.invoke.Invokers$Holder.invoke_MT(java.lang.Object, java.lang.Object, java.lang.Object, java.lang.Object, java.lang.Object, java.lang.Object, java.lang.Object, java.lang.Object, java.lang.Object)'> (0x00000000860b26e8) 
thrown [s\src\hotspot\share\interpreter\linkResolver.cpp, line 778]
Event: 18.806 Thread 0x0000029a233f0170 Exception <a 'java/lang/IncompatibleClassChangeError'{0x0000000085c5afa0}: Found class java.lang.Object, but interface was expected> (0x0000000085c5afa0) 
thrown [s\src\hotspot\share\interpreter\linkResolver.cpp, line 845]
Event: 18.834 Thread 0x0000029a233f0170 Exception <a 'java/lang/NoSuchMethodError'{0x000000008af67310}: 'java.lang.Object java.lang.invoke.DirectMethodHandle$Holder.invokeSpecial(java.lang.Object, java.lang.Object, java.lang.Object, java.lang.Object, java.lang.Object, java.lang.Object, java.lang.Object, java.lang.Object, java.lang.Object, java.lang.Object, java.lang.Object)'> (0x000000008af67310) 
thrown [s\src\hotspot\share\interpreter\linkResolver.cpp, line 778]
Event: 18.834 Thread 0x0000029a233f0170 Exception <a 'java/lang/NoSuchMethodError'{0x000000008af6b740}: 'java.lang.Object java.lang.invoke.Invokers$Holder.invoke_MT(java.lang.Object, java.lang.Object, java.lang.Object, java.lang.Object, java.lang.Object, java.lang.Object, java.lang.Object, java.lang.Object, java.lang.Object, java.lang.Object, java.lang.Object)'> (0x000000008af6b740) 
thrown [s\src\hotspot\share\interpreter\linkResolver.cpp, line 778]
Event: 18.880 Thread 0x0000029a233f0170 Exception <a 'java/lang/NoSuchMethodError'{0x0000000086feb978}: 'java.lang.Object java.lang.invoke.DirectMethodHandle$Holder.newInvokeSpecial(java.lang.Object, java.lang.Object, int, java.lang.Object, java.lang.Object)'> (0x0000000086feb978) 
thrown [s\src\hotspot\share\interpreter\linkResolver.cpp, line 778]
Event: 22.447 Thread 0x0000029a3f5f8530 Exception <a 'java/lang/NoSuchMethodError'{0x0000000086a508d0}: 'java.lang.Object java.lang.invoke.DirectMethodHandle$Holder.invokeSpecial(java.lang.Object, java.lang.Object, java.lang.Object, java.lang.Object, java.lang.Object, long)'> (0x0000000086a508d0) 
thrown [s\src\hotspot\share\interpreter\linkResolver.cpp, line 778]
Event: 22.447 Thread 0x0000029a3f5f8530 Exception <a 'java/lang/NoSuchMethodError'{0x0000000086a54310}: 'java.lang.Object java.lang.invoke.Invokers$Holder.linkToTargetMethod(java.lang.Object, java.lang.Object, java.lang.Object, long, java.lang.Object)'> (0x0000000086a54310) 
thrown [s\src\hotspot\share\interpreter\linkResolver.cpp, line 778]
Event: 22.492 Thread 0x0000029a3f5f8530 Exception <a 'java/lang/NoSuchMethodError'{0x000000008680c6b8}: 'java.lang.Object java.lang.invoke.DirectMethodHandle$Holder.invokeStatic(java.lang.Object, int, int)'> (0x000000008680c6b8) 
thrown [s\src\hotspot\share\interpreter\linkResolver.cpp, line 778]
Event: 22.995 Thread 0x0000029a46ea90b0 Exception <a 'sun/nio/fs/WindowsException'{0x000000008625c3f8}> (0x000000008625c3f8) 
thrown [s\src\hotspot\share\prims\jni.cpp, line 517]
Event: 23.020 Thread 0x0000029a46ea90b0 Exception <a 'sun/nio/fs/WindowsException'{0x0000000086199488}> (0x0000000086199488) 
thrown [s\src\hotspot\share\prims\jni.cpp, line 517]
Event: 23.037 Thread 0x0000029a46ea90b0 Exception <a 'sun/nio/fs/WindowsException'{0x000000008604dd58}> (0x000000008604dd58) 
thrown [s\src\hotspot\share\prims\jni.cpp, line 517]
Event: 23.291 Thread 0x0000029a46ea90b0 Implicit null exception at 0x0000029a2e7ecf6c to 0x0000029a2e7ed014

VM Operations (20 events):
Event: 490.140 Executing VM operation: Cleanup
Event: 490.140 Executing VM operation: Cleanup done
Event: 494.176 Executing VM operation: Cleanup
Event: 494.176 Executing VM operation: Cleanup done
Event: 495.183 Executing VM operation: Cleanup
Event: 495.183 Executing VM operation: Cleanup done
Event: 555.760 Executing VM operation: Cleanup
Event: 555.766 Executing VM operation: Cleanup done
Event: 665.816 Executing VM operation: Cleanup
Event: 665.816 Executing VM operation: Cleanup done
Event: 976.048 Executing VM operation: Cleanup
Event: 976.204 Executing VM operation: Cleanup done
Event: 1005.549 Executing VM operation: Cleanup
Event: 1005.552 Executing VM operation: Cleanup done
Event: 1006.567 Executing VM operation: Cleanup
Event: 1006.567 Executing VM operation: Cleanup done
Event: 1060.134 Executing VM operation: Cleanup
Event: 1060.134 Executing VM operation: Cleanup done
Event: 1310.684 Executing VM operation: Cleanup
Event: 1310.684 Executing VM operation: Cleanup done

Events (20 events):
Event: 23.227 loading class java/lang/package-info
Event: 23.227 loading class java/lang/package-info done
Event: 23.248 loading class java/util/stream/ReduceOps$4
Event: 23.248 loading class java/util/stream/ReduceOps$4 done
Event: 23.248 loading class java/util/stream/ReduceOps$4ReducingSink
Event: 23.248 loading class java/util/stream/ReduceOps$4ReducingSink done
Event: 23.255 loading class sun/reflect/generics/repository/FieldRepository
Event: 23.255 loading class sun/reflect/generics/repository/FieldRepository done
Event: 23.288 loading class java/util/package-info
Event: 23.288 loading class java/util/package-info done
Event: 23.316 loading class java/time/Instant$1
Event: 23.317 loading class java/time/Instant$1 done
Event: 24.734 Thread 0x0000029a3f18cfd0 Thread exited: 0x0000029a3f18cfd0
Event: 24.734 Thread 0x0000029a3f18cac0 Thread exited: 0x0000029a3f18cac0
Event: 83.030 Thread 0x0000029a46eaa3f0 Thread exited: 0x0000029a46eaa3f0
Event: 99.144 loading class sun/reflect/annotation/AnnotationInvocationHandler$1
Event: 99.145 loading class sun/reflect/annotation/AnnotationInvocationHandler$1 done
Event: 99.193 Thread 0x0000029a3f18bb90 Thread added: 0x0000029a3f18bb90
Event: 100.919 Thread 0x0000029a3f18bb90 Thread exited: 0x0000029a3f18bb90
Event: 143.032 Thread 0x0000029a46ea73d0 Thread exited: 0x0000029a46ea73d0


Dynamic libraries:
0x00007ff60e1c0000 - 0x00007ff60e1ca000 	C:\Program Files\JetBrains\IntelliJ IDEA Community Edition 2022.2.1\jbr\bin\java.exe
0x00007ffd49180000 - 0x00007ffd493e8000 	C:\WINDOWS\SYSTEM32\ntdll.dll
0x00007ffd47db0000 - 0x00007ffd47e79000 	C:\WINDOWS\System32\KERNEL32.DLL
0x00007ffd469e0000 - 0x00007ffd46dcd000 	C:\WINDOWS\System32\KERNELBASE.dll
0x00007ffd46380000 - 0x00007ffd464cb000 	C:\WINDOWS\System32\ucrtbase.dll
0x00007ffd2ff70000 - 0x00007ffd2ff87000 	C:\Program Files\JetBrains\IntelliJ IDEA Community Edition 2022.2.1\jbr\bin\jli.dll
0x00007ffd40d50000 - 0x00007ffd40d6b000 	C:\Program Files\JetBrains\IntelliJ IDEA Community Edition 2022.2.1\jbr\bin\VCRUNTIME140.dll
0x00007ffd47660000 - 0x00007ffd4782c000 	C:\WINDOWS\System32\USER32.dll
0x00007ffd27990000 - 0x00007ffd27c2a000 	C:\WINDOWS\WinSxS\amd64_microsoft.windows.common-controls_6595b64144ccf1df_6.0.26100.4484_none_3e0e6d4ce32ef3b3\COMCTL32.dll
0x00007ffd46650000 - 0x00007ffd46677000 	C:\WINDOWS\System32\win32u.dll
0x00007ffd47400000 - 0x00007ffd474a9000 	C:\WINDOWS\System32\msvcrt.dll
0x00007ffd48e10000 - 0x00007ffd48e3b000 	C:\WINDOWS\System32\GDI32.dll
0x00007ffd468a0000 - 0x00007ffd469d7000 	C:\WINDOWS\System32\gdi32full.dll
0x00007ffd462d0000 - 0x00007ffd46373000 	C:\WINDOWS\System32\msvcp_win.dll
0x00007ffd48cd0000 - 0x00007ffd48cff000 	C:\WINDOWS\System32\IMM32.DLL
0x00007ffd40d40000 - 0x00007ffd40d4c000 	C:\Program Files\JetBrains\IntelliJ IDEA Community Edition 2022.2.1\jbr\bin\vcruntime140_1.dll
0x00007ffd2f7e0000 - 0x00007ffd2f86d000 	C:\Program Files\JetBrains\IntelliJ IDEA Community Edition 2022.2.1\jbr\bin\msvcp140.dll
0x00007ffcb7cc0000 - 0x00007ffcb8928000 	C:\Program Files\JetBrains\IntelliJ IDEA Community Edition 2022.2.1\jbr\bin\server\jvm.dll
0x00007ffd47e80000 - 0x00007ffd47f34000 	C:\WINDOWS\System32\ADVAPI32.dll
0x00007ffd47890000 - 0x00007ffd47936000 	C:\WINDOWS\System32\sechost.dll
0x00007ffd49020000 - 0x00007ffd49138000 	C:\WINDOWS\System32\RPCRT4.dll
0x00007ffd47ca0000 - 0x00007ffd47ca8000 	C:\WINDOWS\System32\PSAPI.DLL
0x00007ffd40cc0000 - 0x00007ffd40cca000 	C:\WINDOWS\SYSTEM32\WSOCK32.dll
0x00007ffd3ca30000 - 0x00007ffd3ca65000 	C:\WINDOWS\SYSTEM32\WINMM.dll
0x00007ffd47bf0000 - 0x00007ffd47c64000 	C:\WINDOWS\System32\WS2_32.dll
0x00007ffd2e5d0000 - 0x00007ffd2e5db000 	C:\WINDOWS\SYSTEM32\VERSION.dll
0x00007ffd45070000 - 0x00007ffd4508b000 	C:\WINDOWS\SYSTEM32\kernel.appcore.dll
0x00007ffd40c70000 - 0x00007ffd40c7a000 	C:\Program Files\JetBrains\IntelliJ IDEA Community Edition 2022.2.1\jbr\bin\jimage.dll
0x00007ffd43930000 - 0x00007ffd43b71000 	C:\WINDOWS\SYSTEM32\DBGHELP.DLL
0x00007ffd47f40000 - 0x00007ffd482c6000 	C:\WINDOWS\System32\combase.dll
0x00007ffd48490000 - 0x00007ffd48570000 	C:\WINDOWS\System32\OLEAUT32.dll
0x00007ffd21a40000 - 0x00007ffd21a83000 	C:\WINDOWS\SYSTEM32\dbgcore.DLL
0x00007ffd46680000 - 0x00007ffd46719000 	C:\WINDOWS\System32\bcryptPrimitives.dll
0x00007ffd40e00000 - 0x00007ffd40e0e000 	C:\Program Files\JetBrains\IntelliJ IDEA Community Edition 2022.2.1\jbr\bin\instrument.dll
0x00007ffd2ff90000 - 0x00007ffd2ffb5000 	C:\Program Files\JetBrains\IntelliJ IDEA Community Edition 2022.2.1\jbr\bin\java.dll
0x00007ffd30a60000 - 0x00007ffd30a78000 	C:\Program Files\JetBrains\IntelliJ IDEA Community Edition 2022.2.1\jbr\bin\zip.dll
0x00007ffd48580000 - 0x00007ffd48cca000 	C:\WINDOWS\System32\SHELL32.dll
0x00007ffd464d0000 - 0x00007ffd46644000 	C:\WINDOWS\System32\wintypes.dll
0x00007ffd43ee0000 - 0x00007ffd4473b000 	C:\WINDOWS\SYSTEM32\windows.storage.dll
0x00007ffd48d10000 - 0x00007ffd48e05000 	C:\WINDOWS\System32\SHCORE.dll
0x00007ffd47ac0000 - 0x00007ffd47b2a000 	C:\WINDOWS\System32\shlwapi.dll
0x00007ffd461e0000 - 0x00007ffd4620f000 	C:\WINDOWS\SYSTEM32\profapi.dll
0x00007ffd30890000 - 0x00007ffd308a9000 	C:\Program Files\JetBrains\IntelliJ IDEA Community Edition 2022.2.1\jbr\bin\net.dll
0x00007ffd3fdf0000 - 0x00007ffd3ff0e000 	C:\WINDOWS\SYSTEM32\WINHTTP.dll
0x00007ffd45600000 - 0x00007ffd4566a000 	C:\WINDOWS\system32\mswsock.dll
0x00007ffd30820000 - 0x00007ffd30836000 	C:\Program Files\JetBrains\IntelliJ IDEA Community Edition 2022.2.1\jbr\bin\nio.dll
0x00007ffd40d20000 - 0x00007ffd40d3a000 	C:\Program Files\JetBrains\IntelliJ IDEA Community Edition 2022.2.1\bin\breakgen64.dll
0x00007ffd300c0000 - 0x00007ffd300cd000 	C:\Program Files\JetBrains\IntelliJ IDEA Community Edition 2022.2.1\jbr\bin\sunmscapi.dll
0x00007ffd46720000 - 0x00007ffd46897000 	C:\WINDOWS\System32\CRYPT32.dll
0x00007ffd45ad0000 - 0x00007ffd45b00000 	C:\WINDOWS\SYSTEM32\ncrypt.dll
0x00007ffd45a80000 - 0x00007ffd45abf000 	C:\WINDOWS\SYSTEM32\NTASN1.dll
0x00007ffd458b0000 - 0x00007ffd458cb000 	C:\WINDOWS\SYSTEM32\CRYPTSP.dll
0x00007ffd44fd0000 - 0x00007ffd4500b000 	C:\WINDOWS\system32\rsaenh.dll
0x00007ffd456a0000 - 0x00007ffd456cb000 	C:\WINDOWS\SYSTEM32\USERENV.dll
0x00007ffd461b0000 - 0x00007ffd461d6000 	C:\WINDOWS\SYSTEM32\bcrypt.dll
0x00007ffd458d0000 - 0x00007ffd458dc000 	C:\WINDOWS\SYSTEM32\CRYPTBASE.dll
0x00007ffd44aa0000 - 0x00007ffd44ad3000 	C:\WINDOWS\SYSTEM32\IPHLPAPI.DLL
0x00007ffd47940000 - 0x00007ffd4794a000 	C:\WINDOWS\System32\NSI.dll
0x00007ffd40260000 - 0x00007ffd4027f000 	C:\WINDOWS\SYSTEM32\dhcpcsvc6.DLL
0x00007ffd401f0000 - 0x00007ffd40215000 	C:\WINDOWS\SYSTEM32\dhcpcsvc.DLL
0x00007ffd44b40000 - 0x00007ffd44c66000 	C:\WINDOWS\SYSTEM32\DNSAPI.dll
0x00007ffd30aa0000 - 0x00007ffd30aa9000 	C:\Program Files\JetBrains\IntelliJ IDEA Community Edition 2022.2.1\jbr\bin\management.dll
0x00007ffd30740000 - 0x00007ffd3074b000 	C:\Program Files\JetBrains\IntelliJ IDEA Community Edition 2022.2.1\jbr\bin\management_ext.dll
0x00007ffd3c180000 - 0x00007ffd3c18b000 	C:\Windows\System32\rasadhlp.dll
0x00007ffd405e0000 - 0x00007ffd40666000 	C:\WINDOWS\System32\fwpuclnt.dll
0x00007ffd40460000 - 0x00007ffd40470000 	C:\Program Files\JetBrains\IntelliJ IDEA Community Edition 2022.2.1\jbr\bin\verify.dll
0x00007ffd32d50000 - 0x00007ffd32d58000 	C:\WINDOWS\system32\wshunix.dll

dbghelp: loaded successfully - version: 4.0.5 - missing functions: none
symbol engine: initialized successfully - sym options: 0x614 - pdb path: .;C:\Program Files\JetBrains\IntelliJ IDEA Community Edition 2022.2.1\jbr\bin;C:\WINDOWS\SYSTEM32;C:\WINDOWS\WinSxS\amd64_microsoft.windows.common-controls_6595b64144ccf1df_6.0.26100.4484_none_3e0e6d4ce32ef3b3;C:\Program Files\JetBrains\IntelliJ IDEA Community Edition 2022.2.1\jbr\bin\server;C:\Program Files\JetBrains\IntelliJ IDEA Community Edition 2022.2.1\bin

VM Arguments:
jvm_args: -javaagent:C:\Program Files\JetBrains\IntelliJ IDEA Community Edition 2022.2.1\lib\idea_rt.jar=60761:C:\Program Files\JetBrains\IntelliJ IDEA Community Edition 2022.2.1\bin -Dfile.encoding=UTF-8 
java_command: com.example.order_service.OrderServiceApplication
java_class_path (initial): C:\Users\rpmii\Projects\sarvika-assignment\order-service\target\classes;C:\Users\rpmii\.m2\repository\org\springframework\boot\spring-boot-starter-data-jpa\3.4.4\spring-boot-starter-data-jpa-3.4.4.jar;C:\Users\rpmii\.m2\repository\org\springframework\boot\spring-boot-starter\3.4.4\spring-boot-starter-3.4.4.jar;C:\Users\rpmii\.m2\repository\org\springframework\boot\spring-boot\3.4.4\spring-boot-3.4.4.jar;C:\Users\rpmii\.m2\repository\org\springframework\boot\spring-boot-autoconfigure\3.4.4\spring-boot-autoconfigure-3.4.4.jar;C:\Users\rpmii\.m2\repository\org\springframework\boot\spring-boot-starter-logging\3.4.4\spring-boot-starter-logging-3.4.4.jar;C:\Users\rpmii\.m2\repository\ch\qos\logback\logback-classic\1.5.18\logback-classic-1.5.18.jar;C:\Users\rpmii\.m2\repository\ch\qos\logback\logback-core\1.5.18\logback-core-1.5.18.jar;C:\Users\rpmii\.m2\repository\org\apache\logging\log4j\log4j-to-slf4j\2.24.3\log4j-to-slf4j-2.24.3.jar;C:\Users\rpmii\.m2\repository\org\apache\logging\log4j\log4j-api\2.24.3\log4j-api-2.24.3.jar;C:\Users\rpmii\.m2\repository\org\slf4j\jul-to-slf4j\2.0.17\jul-to-slf4j-2.0.17.jar;C:\Users\rpmii\.m2\repository\jakarta\annotation\jakarta.annotation-api\2.1.1\jakarta.annotation-api-2.1.1.jar;C:\Users\rpmii\.m2\repository\org\yaml\snakeyaml\2.3\snakeyaml-2.3.jar;C:\Users\rpmii\.m2\repository\org\springframework\boot\spring-boot-starter-jdbc\3.4.4\spring-boot-starter-jdbc-3.4.4.jar;C:\Users\rpmii\.m2\repository\com\zaxxer\HikariCP\5.1.0\HikariCP-5.1.0.jar;C:\Users\rpmii\.m2\repository\org\springframework\spring-jdbc\6.2.5\spring-jdbc-6.2.5.jar;C:\Users\rpmii\.m2\repository\org\hibernate\orm\hibernate-core\6.6.11.Final\hibernate-core-6.6.11.Final.jar;C:\Users\rpmii\.m2\repository\jakarta\persistence\jakarta.persistence-api\3.1.0\jakarta.persistence-api-3.1.0.jar;C:\Users\rpmii\.m2\repository\jakarta\transaction\jakarta.transaction-api\2.0.1\jakarta.transaction-api-2.0.1.jar;C:\Users\rpmii\.m2\repository\org\jboss\loggin
Launcher Type: SUN_STANDARD

[Global flags]
     intx CICompilerCount                          = 4                                         {product} {ergonomic}
     uint ConcGCThreads                            = 2                                         {product} {ergonomic}
     uint G1ConcRefinementThreads                  = 8                                         {product} {ergonomic}
   size_t G1HeapRegionSize                         = 1048576                                   {product} {ergonomic}
    uintx GCDrainStackTargetSize                   = 64                                        {product} {ergonomic}
   size_t InitialHeapSize                          = 132120576                                 {product} {ergonomic}
   size_t MarkStackSize                            = 4194304                                   {product} {ergonomic}
   size_t MaxHeapSize                              = 2095054848                                {product} {ergonomic}
   size_t MaxNewSize                               = 1256194048                                {product} {ergonomic}
   size_t MinHeapDeltaBytes                        = 1048576                                   {product} {ergonomic}
   size_t MinHeapSize                              = 8388608                                   {product} {ergonomic}
    uintx NonNMethodCodeHeapSize                   = 5839372                                {pd product} {ergonomic}
    uintx NonProfiledCodeHeapSize                  = 122909434                              {pd product} {ergonomic}
    uintx ProfiledCodeHeapSize                     = 122909434                              {pd product} {ergonomic}
    uintx ReservedCodeCacheSize                    = 251658240                              {pd product} {ergonomic}
     bool SegmentedCodeCache                       = true                                      {product} {ergonomic}
   size_t SoftMaxHeapSize                          = 2095054848                             {manageable} {ergonomic}
     bool UseCompressedClassPointers               = true                           {product lp64_product} {ergonomic}
     bool UseCompressedOops                        = true                           {product lp64_product} {ergonomic}
     bool UseG1GC                                  = true                                      {product} {ergonomic}
     bool UseLargePagesIndividualAllocation        = false                                  {pd product} {ergonomic}

Logging:
Log output configuration:
 #0: stdout all=warning uptime,level,tags
 #1: stderr all=off uptime,level,tags

Environment Variables:
PATH=C:\Python312\Scripts\;C:\Python312\;C:\Program Files\Common Files\Oracle\Java\javapath;C:\Program Files (x86)\Common Files\Oracle\Java\java8path;C:\Program Files (x86)\Common Files\Oracle\Java\javapath;C:\Program Files\Python38\Scripts\;C:\Program Files\Python38\;C:\Program Files (x86)\Python39-32\Scripts\;C:\Program Files (x86)\Python39-32\;C:\Program Files\WindowsApps\PythonSoftwareFoundation.Python.3.9_3.9.2544.0_x64__qbz5n2kfra8p0\Lib;C:\WINDOWS\system32;C:\WINDOWS;C:\WINDOWS\System32\Wbem;C:\WINDOWS\System32\WindowsPowerShell\v1.0\;C:\WINDOWS\System32\OpenSSH\;C:\Program Files\Git\cmd;C:\Program Files\Java\jdk-18.0.2\bin;C:\Program Files\NetBeans-14\netbeans\java\maven\bin;C:\Users\rpmii\AppData\Roaming\nvm;C:\Program Files\nodejs;C:\Program Files\nodejs\;C:\ProgramData\chocolatey\bin;;C:\Program Files\Docker\Docker\resources\bin;C:\Program Files\MySQL\MySQL Shell 8.0\bin\;C:\Users\rpmii\AppData\Local\Microsoft\WindowsApps;C:\Users\rpmii\AppData\Local\Programs\Microsoft VS Code\bin;C:\Users\rpmii\sqlite-tools-win32-x86-3370000;C:\Program Files\Python38;C:\Program Files\MySQL\MySQL Server 8.0\bin;C:\Users\rpmii\AppData\Roaming\nvm;C:\Program Files\nodejs;C:\Users\rpmii\AppData\Local\Programs\Hyper\resources\bin;C:\Users\rpmii\AppData\Roaming\npm;C:\Program Files\heroku\bin
USERNAME=rpmii
OS=Windows_NT
PROCESSOR_IDENTIFIER=Intel64 Family 6 Model 140 Stepping 1, GenuineIntel



---------------  S Y S T E M  ---------------

OS:
 Windows 11 , 64 bit Build 26100 (10.0.26100.4484)
OS uptime: 0 days 8:47 hours
Hyper-V role detected

CPU: total 8 (initial active 8) (4 cores per cpu, 2 threads per core) family 6 model 140 stepping 1 microcode 0x66, cx8, cmov, fxsr, ht, mmx, 3dnowpref, sse, sse2, sse3, ssse3, sse4.1, sse4.2, popcnt, lzcnt, tsc, tscinvbit, avx, avx2, aes, erms, clmul, bmi1, bmi2, adx, avx512f, avx512dq, avx512cd, avx512bw, avx512vl, sha, fma, vzeroupper, avx512_vpopcntdq, avx512_vpclmulqdq, avx512_vaes, avx512_vnni, clflush, clflushopt, clwb, avx512_vbmi2, avx512_vbmi, hv

Memory: 4k page, system-wide physical 7991M (945M free)
TotalPageFile size 19029M (AvailPageFile size 0M)
current process WorkingSet (physical memory assigned to process): 20M, peak: 308M
current process commit charge ("private bytes"): 274M, peak: 336M

vm_info: OpenJDK 64-Bit Server VM (17.0.3+7-b469.37) for windows-amd64 JRE (17.0.3+7-b469.37), built on 2022-08-01 by "builduser" with MS VC++ 16.10 / 16.11 (VS2019)

END.
